[debug] [2024-10-21T04:31:12.952Z] ----------------------------------------------------------------------
[debug] [2024-10-21T04:31:12.963Z] Command:       /usr/bin/node /usr/local/bin/firebase init
[debug] [2024-10-21T04:31:12.965Z] CLI Version:   13.22.0
[debug] [2024-10-21T04:31:12.966Z] Platform:      linux
[debug] [2024-10-21T04:31:12.967Z] Node Version:  v18.19.1
[debug] [2024-10-21T04:31:13.080Z] Time:          Mon Oct 21 2024 10:01:12 GMT+0530 (India Standard Time)
[debug] [2024-10-21T04:31:13.081Z] ----------------------------------------------------------------------
[debug] 
[debug] [2024-10-21T04:31:13.160Z] > command requires scopes: ["email","openid","https://www.googleapis.com/auth/cloudplatformprojects.readonly","https://www.googleapis.com/auth/firebase","https://www.googleapis.com/auth/cloud-platform"]
[debug] [2024-10-21T04:31:13.163Z] > authorizing via signed-in user (kannanarulmuruganwork@gmail.com)
[info] 
     ######## #### ########  ######## ########     ###     ######  ########
     ##        ##  ##     ## ##       ##     ##  ##   ##  ##       ##
     ######    ##  ########  ######   ########  #########  ######  ######
     ##        ##  ##    ##  ##       ##     ## ##     ##       ## ##
     ##       #### ##     ## ######## ########  ##     ##  ######  ########

You're about to initialize a Firebase project in this directory:

  /home/arulmurugan/Projects/AgriMachineryCRM/agrimachinerycrm-backend

[info] 
=== Project Setup
[info] 
[info] First, let's associate this project directory with a Firebase project.
[info] You can create multiple project aliases by running firebase use --add, 
[info] but for now we'll just set up a default project.
[info] 
[debug] [2024-10-21T04:31:22.247Z] Checked if tokens are valid: true, expires at: 1729486803346
[debug] [2024-10-21T04:31:22.248Z] Checked if tokens are valid: true, expires at: 1729486803346
[debug] [2024-10-21T04:31:22.267Z] >>> [apiv2][query] GET https://firebase.googleapis.com/v1beta1/projects pageSize=100
[debug] [2024-10-21T04:31:24.371Z] <<< [apiv2][status] GET https://firebase.googleapis.com/v1beta1/projects 200
[debug] [2024-10-21T04:31:24.373Z] <<< [apiv2][body] GET https://firebase.googleapis.com/v1beta1/projects [omitted]
[info] i  Using project agrimachinerycrm-backend (agrimachinerycrm-backend) 
[info] 
=== Dataconnect Setup
[debug] [2024-10-21T04:31:28.698Z] Checked if tokens are valid: true, expires at: 1729486803346
[debug] [2024-10-21T04:31:28.698Z] Checked if tokens are valid: true, expires at: 1729486803346
[debug] [2024-10-21T04:31:28.699Z] >>> [apiv2][query] GET https://cloudbilling.googleapis.com/v1/projects/agrimachinerycrm-backend/billingInfo [none]
[debug] [2024-10-21T04:31:30.278Z] <<< [apiv2][status] GET https://cloudbilling.googleapis.com/v1/projects/agrimachinerycrm-backend/billingInfo 200
[debug] [2024-10-21T04:31:30.279Z] <<< [apiv2][body] GET https://cloudbilling.googleapis.com/v1/projects/agrimachinerycrm-backend/billingInfo {"name":"projects/agrimachinerycrm-backend/billingInfo","projectId":"agrimachinerycrm-backend","billingAccountName":"","billingEnabled":false}
[info] i  dataconnect: ensuring required API sqladmin.googleapis.com is enabled... 
[debug] [2024-10-21T04:31:30.283Z] Checked if tokens are valid: true, expires at: 1729486803346
[debug] [2024-10-21T04:31:30.284Z] Checked if tokens are valid: true, expires at: 1729486803346
[debug] [2024-10-21T04:31:30.284Z] >>> [apiv2][query] GET https://serviceusage.googleapis.com/v1/projects/agrimachinerycrm-backend/services/sqladmin.googleapis.com [none]
[debug] [2024-10-21T04:31:30.285Z] >>> [apiv2][(partial)header] GET https://serviceusage.googleapis.com/v1/projects/agrimachinerycrm-backend/services/sqladmin.googleapis.com x-goog-quota-user=projects/agrimachinerycrm-backend
[debug] [2024-10-21T04:31:32.046Z] <<< [apiv2][status] GET https://serviceusage.googleapis.com/v1/projects/agrimachinerycrm-backend/services/sqladmin.googleapis.com 200
[debug] [2024-10-21T04:31:32.047Z] <<< [apiv2][body] GET https://serviceusage.googleapis.com/v1/projects/agrimachinerycrm-backend/services/sqladmin.googleapis.com [omitted]
[info] ✔  dataconnect: required API sqladmin.googleapis.com is enabled 
[info] i  dataconnect/dataconnect.yaml is unchanged 
[info] i  dataconnect/schema/schema.gql is unchanged 
[info] i  dataconnect/connector/connector.yaml is unchanged 
[info] i  dataconnect/connector/queries.gql is unchanged 
[info] i  dataconnect/connector/mutations.gql is unchanged 
[info] i  If you'd like to add the generated SDK to your app your, run firebase init dataconnect:sdk 
[info] i  If you'd like to provision a CloudSQL Postgres instance on the Firebase Data Connect no-cost trial:
1. Please upgrade to the pay-as-you-go (Blaze) billing plan. Visit the following page:
     https://console.firebase.google.com/project/agrimachinerycrm-backend/usage/details
2. Run firebase init dataconnect again to configure the Cloud SQL instance.
3. Run firebase deploy --only dataconnect to deploy your Data Connect service. 
[info] 
=== Firestore Setup
[debug] [2024-10-21T04:31:32.142Z] Checked if tokens are valid: true, expires at: 1729486803346
[debug] [2024-10-21T04:31:32.142Z] Checked if tokens are valid: true, expires at: 1729486803346
[debug] [2024-10-21T04:31:32.142Z] >>> [apiv2][query] GET https://serviceusage.googleapis.com/v1/projects/agrimachinerycrm-backend/services/firestore.googleapis.com [none]
[debug] [2024-10-21T04:31:32.142Z] >>> [apiv2][(partial)header] GET https://serviceusage.googleapis.com/v1/projects/agrimachinerycrm-backend/services/firestore.googleapis.com x-goog-quota-user=projects/agrimachinerycrm-backend
[debug] [2024-10-21T04:31:33.893Z] <<< [apiv2][status] GET https://serviceusage.googleapis.com/v1/projects/agrimachinerycrm-backend/services/firestore.googleapis.com 200
[debug] [2024-10-21T04:31:33.894Z] <<< [apiv2][body] GET https://serviceusage.googleapis.com/v1/projects/agrimachinerycrm-backend/services/firestore.googleapis.com [omitted]
[debug] [2024-10-21T04:31:33.896Z] Checked if tokens are valid: true, expires at: 1729486803346
[debug] [2024-10-21T04:31:33.896Z] Checked if tokens are valid: true, expires at: 1729486803346
[debug] [2024-10-21T04:31:33.896Z] >>> [apiv2][query] GET https://firestore.googleapis.com/v1/projects/agrimachinerycrm-backend/databases/(default) [none]
[debug] [2024-10-21T04:31:34.477Z] <<< [apiv2][status] GET https://firestore.googleapis.com/v1/projects/agrimachinerycrm-backend/databases/(default) 200
[debug] [2024-10-21T04:31:34.477Z] <<< [apiv2][body] GET https://firestore.googleapis.com/v1/projects/agrimachinerycrm-backend/databases/(default) {"name":"projects/agrimachinerycrm-backend/databases/(default)","uid":"4a52148b-7b69-439d-8d8e-9f92247cbdec","createTime":"2024-10-21T04:15:33.630133Z","updateTime":"2024-10-21T04:15:33.630133Z","locationId":"asia-south1","type":"FIRESTORE_NATIVE","concurrencyMode":"PESSIMISTIC","versionRetentionPeriod":"3600s","earliestVersionTime":"2024-10-21T04:15:33.630133Z","appEngineIntegrationMode":"DISABLED","keyPrefix":"j","pointInTimeRecoveryEnablement":"POINT_IN_TIME_RECOVERY_DISABLED","deleteProtectionState":"DELETE_PROTECTION_DISABLED","etag":"II3Ky4XSnokDMLWBuLvOnokD"}
[debug] [2024-10-21T04:31:34.478Z] database_type: FIRESTORE_NATIVE
[debug] [2024-10-21T04:31:34.478Z] database_type: FIRESTORE_NATIVE
[debug] [2024-10-21T04:31:34.479Z] > command requires scopes: ["email","openid","https://www.googleapis.com/auth/cloudplatformprojects.readonly","https://www.googleapis.com/auth/firebase","https://www.googleapis.com/auth/cloud-platform"]
[debug] [2024-10-21T04:31:34.480Z] > authorizing via signed-in user (kannanarulmuruganwork@gmail.com)
[debug] [2024-10-21T04:31:34.481Z] [iam] checking project agrimachinerycrm-backend for permissions ["firebase.projects.get"]
[debug] [2024-10-21T04:31:34.483Z] Checked if tokens are valid: true, expires at: 1729486803346
[debug] [2024-10-21T04:31:34.484Z] Checked if tokens are valid: true, expires at: 1729486803346
[debug] [2024-10-21T04:31:34.484Z] >>> [apiv2][query] POST https://cloudresourcemanager.googleapis.com/v1/projects/agrimachinerycrm-backend:testIamPermissions [none]
[debug] [2024-10-21T04:31:34.485Z] >>> [apiv2][(partial)header] POST https://cloudresourcemanager.googleapis.com/v1/projects/agrimachinerycrm-backend:testIamPermissions x-goog-quota-user=projects/agrimachinerycrm-backend
[debug] [2024-10-21T04:31:34.485Z] >>> [apiv2][body] POST https://cloudresourcemanager.googleapis.com/v1/projects/agrimachinerycrm-backend:testIamPermissions {"permissions":["firebase.projects.get"]}
[debug] [2024-10-21T04:31:36.017Z] <<< [apiv2][status] POST https://cloudresourcemanager.googleapis.com/v1/projects/agrimachinerycrm-backend:testIamPermissions 200
[debug] [2024-10-21T04:31:36.018Z] <<< [apiv2][body] POST https://cloudresourcemanager.googleapis.com/v1/projects/agrimachinerycrm-backend:testIamPermissions {"permissions":["firebase.projects.get"]}
[info] 
[info] Firestore Security Rules allow you to define how and when to allow
[info] requests. You can keep these rules in your project directory
[info] and publish them with firebase deploy.
[info] 
[info] 
[info] Firestore indexes allow you to perform complex queries while
[info] maintaining performance that scales with the size of the result
[info] set. You can keep index definitions in your project directory
[info] and publish them with firebase deploy.
[info] 
[debug] [2024-10-21T04:32:06.934Z] Checked if tokens are valid: true, expires at: 1729486803346
[debug] [2024-10-21T04:32:06.934Z] Checked if tokens are valid: true, expires at: 1729486803346
[debug] [2024-10-21T04:32:06.935Z] Checked if tokens are valid: true, expires at: 1729486803346
[debug] [2024-10-21T04:32:06.936Z] Checked if tokens are valid: true, expires at: 1729486803346
[debug] [2024-10-21T04:32:06.937Z] >>> [apiv2][query] GET https://firestore.googleapis.com/v1/projects/agrimachinerycrm-backend/databases/(default)/collectionGroups/-/indexes [none]
[debug] [2024-10-21T04:32:06.951Z] >>> [apiv2][query] GET https://firestore.googleapis.com/v1/projects/agrimachinerycrm-backend/databases/(default)/collectionGroups/-/fields?filter=indexConfig.usesAncestorConfig=false OR ttlConfig:* [none]
[debug] [2024-10-21T04:32:07.449Z] <<< [apiv2][status] GET https://firestore.googleapis.com/v1/projects/agrimachinerycrm-backend/databases/(default)/collectionGroups/-/indexes 200
[debug] [2024-10-21T04:32:07.450Z] <<< [apiv2][body] GET https://firestore.googleapis.com/v1/projects/agrimachinerycrm-backend/databases/(default)/collectionGroups/-/indexes {}
[debug] [2024-10-21T04:32:07.524Z] <<< [apiv2][status] GET https://firestore.googleapis.com/v1/projects/agrimachinerycrm-backend/databases/(default)/collectionGroups/-/fields?filter=indexConfig.usesAncestorConfig=false OR ttlConfig:* 200
[debug] [2024-10-21T04:32:07.525Z] <<< [apiv2][body] GET https://firestore.googleapis.com/v1/projects/agrimachinerycrm-backend/databases/(default)/collectionGroups/-/fields?filter=indexConfig.usesAncestorConfig=false OR ttlConfig:* {"fields":[{"name":"projects/agrimachinerycrm-backend/databases/(default)/collectionGroups/__default__/fields/*","indexConfig":{"indexes":[{"queryScope":"COLLECTION","fields":[{"fieldPath":"*","order":"ASCENDING"}],"state":"READY"},{"queryScope":"COLLECTION","fields":[{"fieldPath":"*","order":"DESCENDING"}],"state":"READY"},{"queryScope":"COLLECTION","fields":[{"fieldPath":"*","arrayConfig":"CONTAINS"}],"state":"READY"}]}}]}
[info] 
=== Genkit Setup
[debug] [2024-10-21T04:32:21.219Z] > command requires scopes: ["email","openid","https://www.googleapis.com/auth/cloudplatformprojects.readonly","https://www.googleapis.com/auth/firebase","https://www.googleapis.com/auth/cloud-platform"]
[debug] [2024-10-21T04:32:21.221Z] > authorizing via signed-in user (kannanarulmuruganwork@gmail.com)
[debug] [2024-10-21T04:32:21.221Z] [iam] checking project agrimachinerycrm-backend for permissions ["firebase.projects.get"]
[debug] [2024-10-21T04:32:21.221Z] Checked if tokens are valid: true, expires at: 1729486803346
[debug] [2024-10-21T04:32:21.222Z] Checked if tokens are valid: true, expires at: 1729486803346
[debug] [2024-10-21T04:32:21.223Z] >>> [apiv2][query] POST https://cloudresourcemanager.googleapis.com/v1/projects/agrimachinerycrm-backend:testIamPermissions [none]
[debug] [2024-10-21T04:32:21.223Z] >>> [apiv2][(partial)header] POST https://cloudresourcemanager.googleapis.com/v1/projects/agrimachinerycrm-backend:testIamPermissions x-goog-quota-user=projects/agrimachinerycrm-backend
[debug] [2024-10-21T04:32:21.224Z] >>> [apiv2][body] POST https://cloudresourcemanager.googleapis.com/v1/projects/agrimachinerycrm-backend:testIamPermissions {"permissions":["firebase.projects.get"]}
[debug] [2024-10-21T04:32:22.912Z] <<< [apiv2][status] POST https://cloudresourcemanager.googleapis.com/v1/projects/agrimachinerycrm-backend:testIamPermissions 200
[debug] [2024-10-21T04:32:22.914Z] <<< [apiv2][body] POST https://cloudresourcemanager.googleapis.com/v1/projects/agrimachinerycrm-backend:testIamPermissions {"permissions":["firebase.projects.get"]}
[debug] [2024-10-21T04:32:22.915Z] Checked if tokens are valid: true, expires at: 1729486803346
[debug] [2024-10-21T04:32:22.915Z] Checked if tokens are valid: true, expires at: 1729486803346
[debug] [2024-10-21T04:32:22.916Z] Checked if tokens are valid: true, expires at: 1729486803346
[debug] [2024-10-21T04:32:22.916Z] Checked if tokens are valid: true, expires at: 1729486803346
[debug] [2024-10-21T04:32:22.917Z] >>> [apiv2][query] GET https://serviceusage.googleapis.com/v1/projects/agrimachinerycrm-backend/services/cloudfunctions.googleapis.com [none]
[debug] [2024-10-21T04:32:22.917Z] >>> [apiv2][(partial)header] GET https://serviceusage.googleapis.com/v1/projects/agrimachinerycrm-backend/services/cloudfunctions.googleapis.com x-goog-quota-user=projects/agrimachinerycrm-backend
[debug] [2024-10-21T04:32:22.925Z] >>> [apiv2][query] GET https://serviceusage.googleapis.com/v1/projects/agrimachinerycrm-backend/services/runtimeconfig.googleapis.com [none]
[debug] [2024-10-21T04:32:22.926Z] >>> [apiv2][(partial)header] GET https://serviceusage.googleapis.com/v1/projects/agrimachinerycrm-backend/services/runtimeconfig.googleapis.com x-goog-quota-user=projects/agrimachinerycrm-backend
[debug] [2024-10-21T04:32:24.660Z] <<< [apiv2][status] GET https://serviceusage.googleapis.com/v1/projects/agrimachinerycrm-backend/services/cloudfunctions.googleapis.com 200
[debug] [2024-10-21T04:32:24.660Z] <<< [apiv2][body] GET https://serviceusage.googleapis.com/v1/projects/agrimachinerycrm-backend/services/cloudfunctions.googleapis.com [omitted]
[debug] [2024-10-21T04:32:24.661Z] Checked if tokens are valid: true, expires at: 1729486803346
[debug] [2024-10-21T04:32:24.662Z] Checked if tokens are valid: true, expires at: 1729486803346
[debug] [2024-10-21T04:32:24.662Z] >>> [apiv2][query] POST https://serviceusage.googleapis.com/v1/projects/agrimachinerycrm-backend/services/cloudfunctions.googleapis.com:enable [none]
[debug] [2024-10-21T04:32:24.662Z] >>> [apiv2][(partial)header] POST https://serviceusage.googleapis.com/v1/projects/agrimachinerycrm-backend/services/cloudfunctions.googleapis.com:enable x-goog-quota-user=projects/agrimachinerycrm-backend
[debug] [2024-10-21T04:32:24.670Z] <<< [apiv2][status] GET https://serviceusage.googleapis.com/v1/projects/agrimachinerycrm-backend/services/runtimeconfig.googleapis.com 200
[debug] [2024-10-21T04:32:24.671Z] <<< [apiv2][body] GET https://serviceusage.googleapis.com/v1/projects/agrimachinerycrm-backend/services/runtimeconfig.googleapis.com [omitted]
[debug] [2024-10-21T04:32:26.701Z] <<< [apiv2][status] POST https://serviceusage.googleapis.com/v1/projects/agrimachinerycrm-backend/services/cloudfunctions.googleapis.com:enable 200
[debug] [2024-10-21T04:32:26.701Z] <<< [apiv2][body] POST https://serviceusage.googleapis.com/v1/projects/agrimachinerycrm-backend/services/cloudfunctions.googleapis.com:enable [omitted]
[debug] [2024-10-21T04:32:36.715Z] Checked if tokens are valid: true, expires at: 1729486803346
[debug] [2024-10-21T04:32:36.716Z] Checked if tokens are valid: true, expires at: 1729486803346
[debug] [2024-10-21T04:32:36.716Z] >>> [apiv2][query] GET https://serviceusage.googleapis.com/v1/projects/agrimachinerycrm-backend/services/cloudfunctions.googleapis.com [none]
[debug] [2024-10-21T04:32:36.716Z] >>> [apiv2][(partial)header] GET https://serviceusage.googleapis.com/v1/projects/agrimachinerycrm-backend/services/cloudfunctions.googleapis.com x-goog-quota-user=projects/agrimachinerycrm-backend
[debug] [2024-10-21T04:32:38.890Z] <<< [apiv2][status] GET https://serviceusage.googleapis.com/v1/projects/agrimachinerycrm-backend/services/cloudfunctions.googleapis.com 200
[debug] [2024-10-21T04:32:38.890Z] <<< [apiv2][body] GET https://serviceusage.googleapis.com/v1/projects/agrimachinerycrm-backend/services/cloudfunctions.googleapis.com [omitted]
[info] Let's create a new codebase for your functions.
[info] A directory corresponding to the codebase will be created in your project
[info] with sample code pre-configured.

[info] See https://firebase.google.com/docs/functions/organize-functions for
[info] more information on organizing your functions using codebases.

[info] Functions can be deployed with firebase deploy.

[info] ✔  Wrote functions/package.json 
[info] ✔  Wrote functions/.eslintrc.js 
[info] ✔  Wrote functions/tsconfig.json 
[info] ✔  Wrote functions/tsconfig.dev.json 
[info] ✔  Wrote functions/src/index.ts 
[info] ✔  Wrote functions/.gitignore 
[info] 
[info] Installing Genkit CLI
[debug] [2024-10-21T04:38:24.609Z] ----------------------------------------------------------------------
[debug] [2024-10-21T04:38:24.620Z] Command:       /usr/bin/node /usr/local/bin/firebase init
[debug] [2024-10-21T04:38:24.622Z] CLI Version:   13.22.0
[debug] [2024-10-21T04:38:24.623Z] Platform:      linux
[debug] [2024-10-21T04:38:24.624Z] Node Version:  v18.19.1
[debug] [2024-10-21T04:38:24.625Z] Time:          Mon Oct 21 2024 10:08:24 GMT+0530 (India Standard Time)
[debug] [2024-10-21T04:38:24.626Z] ----------------------------------------------------------------------
[debug] 
[debug] [2024-10-21T04:38:24.657Z] > command requires scopes: ["email","openid","https://www.googleapis.com/auth/cloudplatformprojects.readonly","https://www.googleapis.com/auth/firebase","https://www.googleapis.com/auth/cloud-platform"]
[debug] [2024-10-21T04:38:24.659Z] > authorizing via signed-in user (kannanarulmuruganwork@gmail.com)
[info] 
     ######## #### ########  ######## ########     ###     ######  ########
     ##        ##  ##     ## ##       ##     ##  ##   ##  ##       ##
     ######    ##  ########  ######   ########  #########  ######  ######
     ##        ##  ##    ##  ##       ##     ## ##     ##       ## ##
     ##       #### ##     ## ######## ########  ##     ##  ######  ########

You're about to initialize a Firebase project in this directory:

  /home/arulmurugan/Projects/AgriMachineryCRM/agrimachinerycrm-backend

[info] 
=== Project Setup
[info] 
[info] First, let's associate this project directory with a Firebase project.
[info] You can create multiple project aliases by running firebase use --add, 
[info] but for now we'll just set up a default project.
[info] 
[debug] [2024-10-21T04:39:04.711Z] Checked if tokens are valid: true, expires at: 1729486803346
[debug] [2024-10-21T04:39:04.712Z] Checked if tokens are valid: true, expires at: 1729486803346
[debug] [2024-10-21T04:39:04.720Z] >>> [apiv2][query] GET https://firebase.googleapis.com/v1beta1/projects pageSize=100
[debug] [2024-10-21T04:39:05.679Z] <<< [apiv2][status] GET https://firebase.googleapis.com/v1beta1/projects 200
[debug] [2024-10-21T04:39:05.680Z] <<< [apiv2][body] GET https://firebase.googleapis.com/v1beta1/projects [omitted]
[info] i  Using project agrimachinerycrm-backend (agrimachinerycrm-backend) 
[info] 
=== Genkit Setup
[debug] [2024-10-21T04:39:16.074Z] > command requires scopes: ["email","openid","https://www.googleapis.com/auth/cloudplatformprojects.readonly","https://www.googleapis.com/auth/firebase","https://www.googleapis.com/auth/cloud-platform"]
[debug] [2024-10-21T04:39:16.076Z] > authorizing via signed-in user (kannanarulmuruganwork@gmail.com)
[debug] [2024-10-21T04:39:16.077Z] [iam] checking project agrimachinerycrm-backend for permissions ["firebase.projects.get"]
[debug] [2024-10-21T04:39:16.079Z] Checked if tokens are valid: true, expires at: 1729486803346
[debug] [2024-10-21T04:39:16.080Z] Checked if tokens are valid: true, expires at: 1729486803346
[debug] [2024-10-21T04:39:16.082Z] >>> [apiv2][query] POST https://cloudresourcemanager.googleapis.com/v1/projects/agrimachinerycrm-backend:testIamPermissions [none]
[debug] [2024-10-21T04:39:16.082Z] >>> [apiv2][(partial)header] POST https://cloudresourcemanager.googleapis.com/v1/projects/agrimachinerycrm-backend:testIamPermissions x-goog-quota-user=projects/agrimachinerycrm-backend
[debug] [2024-10-21T04:39:16.083Z] >>> [apiv2][body] POST https://cloudresourcemanager.googleapis.com/v1/projects/agrimachinerycrm-backend:testIamPermissions {"permissions":["firebase.projects.get"]}
[debug] [2024-10-21T04:39:20.709Z] <<< [apiv2][status] POST https://cloudresourcemanager.googleapis.com/v1/projects/agrimachinerycrm-backend:testIamPermissions 200
[debug] [2024-10-21T04:39:20.710Z] <<< [apiv2][body] POST https://cloudresourcemanager.googleapis.com/v1/projects/agrimachinerycrm-backend:testIamPermissions {"permissions":["firebase.projects.get"]}
[debug] [2024-10-21T04:39:20.712Z] Checked if tokens are valid: true, expires at: 1729486803346
[debug] [2024-10-21T04:39:20.713Z] Checked if tokens are valid: true, expires at: 1729486803346
[debug] [2024-10-21T04:39:20.714Z] Checked if tokens are valid: true, expires at: 1729486803346
[debug] [2024-10-21T04:39:20.714Z] Checked if tokens are valid: true, expires at: 1729486803346
[debug] [2024-10-21T04:39:20.715Z] >>> [apiv2][query] GET https://serviceusage.googleapis.com/v1/projects/agrimachinerycrm-backend/services/cloudfunctions.googleapis.com [none]
[debug] [2024-10-21T04:39:20.716Z] >>> [apiv2][(partial)header] GET https://serviceusage.googleapis.com/v1/projects/agrimachinerycrm-backend/services/cloudfunctions.googleapis.com x-goog-quota-user=projects/agrimachinerycrm-backend
[debug] [2024-10-21T04:39:20.721Z] >>> [apiv2][query] GET https://serviceusage.googleapis.com/v1/projects/agrimachinerycrm-backend/services/runtimeconfig.googleapis.com [none]
[debug] [2024-10-21T04:39:20.722Z] >>> [apiv2][(partial)header] GET https://serviceusage.googleapis.com/v1/projects/agrimachinerycrm-backend/services/runtimeconfig.googleapis.com x-goog-quota-user=projects/agrimachinerycrm-backend
[debug] [2024-10-21T04:39:22.662Z] <<< [apiv2][status] GET https://serviceusage.googleapis.com/v1/projects/agrimachinerycrm-backend/services/cloudfunctions.googleapis.com 200
[debug] [2024-10-21T04:39:22.662Z] <<< [apiv2][body] GET https://serviceusage.googleapis.com/v1/projects/agrimachinerycrm-backend/services/cloudfunctions.googleapis.com [omitted]
[debug] [2024-10-21T04:39:22.666Z] <<< [apiv2][status] GET https://serviceusage.googleapis.com/v1/projects/agrimachinerycrm-backend/services/runtimeconfig.googleapis.com 200
[debug] [2024-10-21T04:39:22.666Z] <<< [apiv2][body] GET https://serviceusage.googleapis.com/v1/projects/agrimachinerycrm-backend/services/runtimeconfig.googleapis.com [omitted]
[info] Let's create a new codebase for your functions.
[info] A directory corresponding to the codebase will be created in your project
[info] with sample code pre-configured.

[info] See https://firebase.google.com/docs/functions/organize-functions for
[info] more information on organizing your functions using codebases.

[info] Functions can be deployed with firebase deploy.

[info] i  functions/package.json is unchanged 
[info] i  functions/.eslintrc.js is unchanged 
[info] i  functions/tsconfig.json is unchanged 
[info] i  functions/tsconfig.dev.json is unchanged 
[info] i  functions/src/index.ts is unchanged 
[info] i  functions/.gitignore is unchanged 
[info] 
[info] Installing Genkit CLI
[debug] [2024-10-21T04:40:28.185Z] Error: spawn genkit ENOENT
    at ChildProcess._handle.onexit (node:internal/child_process:284:19)
    at onErrorNT (node:internal/child_process:477:16)
    at process.processTicksAndRejections (node:internal/process/task_queues:82:21)
[error] Genkit initialization failed...
[info] 
=== Functions Setup
[debug] [2024-10-21T04:40:28.190Z] > command requires scopes: ["email","openid","https://www.googleapis.com/auth/cloudplatformprojects.readonly","https://www.googleapis.com/auth/firebase","https://www.googleapis.com/auth/cloud-platform"]
[debug] [2024-10-21T04:40:28.190Z] > authorizing via signed-in user (kannanarulmuruganwork@gmail.com)
[debug] [2024-10-21T04:40:28.191Z] [iam] checking project agrimachinerycrm-backend for permissions ["firebase.projects.get"]
[debug] [2024-10-21T04:40:28.191Z] Checked if tokens are valid: true, expires at: 1729486803346
[debug] [2024-10-21T04:40:28.191Z] Checked if tokens are valid: true, expires at: 1729486803346
[debug] [2024-10-21T04:40:28.192Z] >>> [apiv2][query] POST https://cloudresourcemanager.googleapis.com/v1/projects/agrimachinerycrm-backend:testIamPermissions [none]
[debug] [2024-10-21T04:40:28.192Z] >>> [apiv2][(partial)header] POST https://cloudresourcemanager.googleapis.com/v1/projects/agrimachinerycrm-backend:testIamPermissions x-goog-quota-user=projects/agrimachinerycrm-backend
[debug] [2024-10-21T04:40:28.192Z] >>> [apiv2][body] POST https://cloudresourcemanager.googleapis.com/v1/projects/agrimachinerycrm-backend:testIamPermissions {"permissions":["firebase.projects.get"]}
[debug] [2024-10-21T04:40:29.825Z] <<< [apiv2][status] POST https://cloudresourcemanager.googleapis.com/v1/projects/agrimachinerycrm-backend:testIamPermissions 200
[debug] [2024-10-21T04:40:29.825Z] <<< [apiv2][body] POST https://cloudresourcemanager.googleapis.com/v1/projects/agrimachinerycrm-backend:testIamPermissions {"permissions":["firebase.projects.get"]}
[debug] [2024-10-21T04:40:29.827Z] Checked if tokens are valid: true, expires at: 1729486803346
[debug] [2024-10-21T04:40:29.827Z] Checked if tokens are valid: true, expires at: 1729486803346
[debug] [2024-10-21T04:40:29.828Z] Checked if tokens are valid: true, expires at: 1729486803346
[debug] [2024-10-21T04:40:29.829Z] Checked if tokens are valid: true, expires at: 1729486803346
[debug] [2024-10-21T04:40:29.829Z] >>> [apiv2][query] GET https://serviceusage.googleapis.com/v1/projects/agrimachinerycrm-backend/services/cloudfunctions.googleapis.com [none]
[debug] [2024-10-21T04:40:29.829Z] >>> [apiv2][(partial)header] GET https://serviceusage.googleapis.com/v1/projects/agrimachinerycrm-backend/services/cloudfunctions.googleapis.com x-goog-quota-user=projects/agrimachinerycrm-backend
[debug] [2024-10-21T04:40:29.837Z] >>> [apiv2][query] GET https://serviceusage.googleapis.com/v1/projects/agrimachinerycrm-backend/services/runtimeconfig.googleapis.com [none]
[debug] [2024-10-21T04:40:29.837Z] >>> [apiv2][(partial)header] GET https://serviceusage.googleapis.com/v1/projects/agrimachinerycrm-backend/services/runtimeconfig.googleapis.com x-goog-quota-user=projects/agrimachinerycrm-backend
[debug] [2024-10-21T04:40:31.981Z] <<< [apiv2][status] GET https://serviceusage.googleapis.com/v1/projects/agrimachinerycrm-backend/services/cloudfunctions.googleapis.com 200
[debug] [2024-10-21T04:40:31.982Z] <<< [apiv2][body] GET https://serviceusage.googleapis.com/v1/projects/agrimachinerycrm-backend/services/cloudfunctions.googleapis.com [omitted]
[debug] [2024-10-21T04:40:31.985Z] <<< [apiv2][status] GET https://serviceusage.googleapis.com/v1/projects/agrimachinerycrm-backend/services/runtimeconfig.googleapis.com 200
[debug] [2024-10-21T04:40:31.985Z] <<< [apiv2][body] GET https://serviceusage.googleapis.com/v1/projects/agrimachinerycrm-backend/services/runtimeconfig.googleapis.com [omitted]
[info] 
Detected existing codebase(s): default

[info] 
Overwriting codebase default...

[info] ✔  Wrote functions/package.json 
[info] ✔  Wrote functions/index.js 
[info] ✔  Wrote functions/.eslintrc.js 
[info] ✔  Wrote functions/.gitignore 
[info] 
=== Hosting Setup
[debug] [2024-10-21T04:41:55.399Z] Checked if tokens are valid: true, expires at: 1729486803346
[debug] [2024-10-21T04:41:55.399Z] Checked if tokens are valid: true, expires at: 1729486803346
[debug] [2024-10-21T04:41:55.400Z] >>> [apiv2][query] GET https://firebase.googleapis.com/v1beta1/projects/agrimachinerycrm-backend [none]
[debug] [2024-10-21T04:41:56.033Z] <<< [apiv2][status] GET https://firebase.googleapis.com/v1beta1/projects/agrimachinerycrm-backend 200
[debug] [2024-10-21T04:41:56.040Z] <<< [apiv2][body] GET https://firebase.googleapis.com/v1beta1/projects/agrimachinerycrm-backend {"projectId":"agrimachinerycrm-backend","projectNumber":"84269346781","displayName":"agrimachinerycrm-backend","name":"projects/agrimachinerycrm-backend","resources":{"hostingSite":"agrimachinerycrm-backend"},"state":"ACTIVE","etag":"1_3c5c2371-a781-40d3-a9a6-855a7004fba0"}
[info] 
[info] Your public directory is the folder (relative to your project directory) that
[info] will contain Hosting assets to be uploaded with firebase deploy. If you
[info] have a build process for your assets, use your build's output directory.
[info] 
[debug] [2024-10-21T04:42:16.537Z] >>> [apiv2][query] GET https://www.gstatic.com/firebasejs/releases.json [none]
[debug] [2024-10-21T04:42:20.082Z] <<< [apiv2][status] GET https://www.gstatic.com/firebasejs/releases.json 200
[debug] [2024-10-21T04:42:20.083Z] <<< [apiv2][body] GET https://www.gstatic.com/firebasejs/releases.json {"current":{"version":"10.14.1","browserURL":"https://www.gstatic.com/firebasejs/10.14.1/firebase.js","packageURL":"https://www.gstatic.com/firebasejs/10.14.1/firebase.tgz"},"live":{"version":"10.14","browserURL":"https://www.gstatic.com/firebasejs/live/10.14/firebase.js","packageURL":"https://www.gstatic.com/firebasejs/live/10.14/firebase.tgz"},"components":{"analytics":"https://www.gstatic.com/firebasejs/10.14.1/firebase-analytics.js","app":"https://www.gstatic.com/firebasejs/10.14.1/firebase-app.js","app-check":"https://www.gstatic.com/firebasejs/10.14.1/firebase-app-check.js","auth":"https://www.gstatic.com/firebasejs/10.14.1/firebase-auth.js","auth/cordova":"https://www.gstatic.com/firebasejs/10.14.1/firebase-auth/cordova.js","auth/web-extension":"https://www.gstatic.com/firebasejs/10.14.1/firebase-auth/web-extension.js","functions":"https://www.gstatic.com/firebasejs/10.14.1/firebase-functions.js","firestore":"https://www.gstatic.com/firebasejs/10.14.1/firebase-firestore.js","firestore/lite":"https://www.gstatic.com/firebasejs/10.14.1/firebase-firestore/lite.js","installations":"https://www.gstatic.com/firebasejs/10.14.1/firebase-installations.js","storage":"https://www.gstatic.com/firebasejs/10.14.1/firebase-storage.js","performance":"https://www.gstatic.com/firebasejs/10.14.1/firebase-performance.js","remote-config":"https://www.gstatic.com/firebasejs/10.14.1/firebase-remote-config.js","messaging":"https://www.gstatic.com/firebasejs/10.14.1/firebase-messaging.js","messaging/sw":"https://www.gstatic.com/firebasejs/10.14.1/firebase-messaging/sw.js","database":"https://www.gstatic.com/firebasejs/10.14.1/firebase-database.js","data-connect":"https://www.gstatic.com/firebasejs/10.14.1/firebase-data-connect.js","vertexai-preview":"https://www.gstatic.com/firebasejs/10.14.1/firebase-vertexai-preview.js","firestore.memory":"https://www.gstatic.com/firebasejs/10.14.1/firebase-firestore.memory.js"}}
[info] ✔  Wrote public/index.html 
[info] 
[info] i  Didn't detect a .git folder. Assuming /home/arulmurugan/Projects/AgriMachineryCRM/agrimachinerycrm-backend is the project root. 
[info] i  Authorizing with GitHub to upload your service account to a GitHub repository's secrets store. 
[info] 
[info] Visit this URL on this device to log in:
[info] https://github.com/login/oauth/authorize?client_id=89cf50f02ac6aaed3484&state=660555137&redirect_uri=http%3A%2F%2Flocalhost%3A9005&scope=read%3Auser%20repo%20public_repo
[info] 
[info] Waiting for authentication...
